<?xml version="1.0" encoding="utf-8"?><testsuites name="pytest tests"><testsuite name="pytest" errors="0" failures="0" skipped="0" tests="21" time="4.471" timestamp="2026-09-19T08:51:54.998405+00:00" hostname="agent-env-96c959f0-faa3-4f37-a23a-bec3132cf5a9"><testcase classname="tests.test_phase2_trainee.TestCatalog" name="test_skills_count_10" time="0.518" /><testcase classname="tests.test_phase2_trainee.TestCatalog" name="test_careers_count_4" time="0.120" /><testcase classname="tests.test_phase2_trainee.TestCatalog" name="test_fullstack_expands_skill_name" time="0.133" /><testcase classname="tests.test_phase2_trainee.TestProfile" name="test_invalid_career_goal_400" time="0.122" /><testcase classname="tests.test_phase2_trainee.TestProfile" name="test_student_profile_flips_complete" time="0.237" /><testcase classname="tests.test_phase2_trainee.TestProfile" name="test_job_holder_profile" time="0.242" /><testcase classname="tests.test_phase2_trainee.TestProfile" name="test_career_gap_profile" time="0.256" /><testcase classname="tests.test_phase2_trainee.TestSelfDeclaredSkills" name="test_self_declare_and_list" time="0.234" /><testcase classname="tests.test_phase2_trainee.TestAssessment" name="test_start_invalid_skill_400" time="0.113" /><testcase classname="tests.test_phase2_trainee.TestAssessment" name="test_start_returns_5_sorted" time="0.112" /><testcase classname="tests.test_phase2_trainee.TestAssessment" name="test_submit_all_correct_advanced_and_overrides_self_declared" time="0.456" /><testcase classname="tests.test_phase2_trainee.TestAssessment" name="test_resubmit_same_attempt_409" time="0.125" /><testcase classname="tests.test_phase2_trainee.TestAssessment" name="test_declaring_assessed_skill_409" time="0.118" /><testcase classname="tests.test_phase2_trainee.TestAssessment" name="test_wrong_answer_count_400" time="0.224" /><testcase classname="tests.test_phase2_trainee.TestAssessment" name="test_retake_creates_new_attempt" time="0.225" /><testcase classname="tests.test_phase2_trainee.TestAssessment" name="test_middle_band_intermediate" time="0.216" /><testcase classname="tests.test_phase2_trainee.TestSkillGap" name="test_skill_gap_shape" time="0.111" /><testcase classname="tests.test_phase2_trainee.TestSkillGap" name="test_recommendations_present" time="0.117" /><testcase classname="tests.test_phase2_trainee.TestRBAC" name="test_admin_blocked_from_trainee" time="0.444" /><testcase classname="tests.test_phase2_trainee.TestRBAC" name="test_unauth_trainee_401" time="0.112" /><testcase classname="tests.test_phase2_trainee.TestRBAC" name="test_admin_blocked_from_skills" time="0.182" /></testsuite></testsuites>