<?xml version="1.0" encoding="utf-8"?><testsuites name="pytest tests"><testsuite name="pytest" errors="0" failures="0" skipped="0" tests="43" time="10.065" timestamp="2026-09-19T10:23:58.985486+00:00" hostname="agent-env-96c959f0-faa3-4f37-a23a-bec3132cf5a9"><testcase classname="tests.test_phase3_trainer.TestRegistrationApprovalFlow" name="test_register_trainer_pending_no_token" time="2.168" /><testcase classname="tests.test_phase3_trainer.TestRegistrationApprovalFlow" name="test_login_while_pending_403" time="0.337" /><testcase classname="tests.test_phase3_trainer.TestRegistrationApprovalFlow" name="test_pending_listed_for_admin" time="0.119" /><testcase classname="tests.test_phase3_trainer.TestRegistrationApprovalFlow" name="test_approve_activates_and_login_works" time="0.532" /><testcase classname="tests.test_phase3_trainer.TestRegistrationApprovalFlow" name="test_approve_already_active_400" time="0.132" /><testcase classname="tests.test_phase3_trainer.TestRegistrationApprovalFlow" name="test_reject_blocks_login" time="0.814" /><testcase classname="tests.test_phase3_trainer.TestRegistrationApprovalFlow" name="test_approve_unknown_user_404" time="0.108" /><testcase classname="tests.test_phase3_trainer.TestAdminRBAC" name="test_unauthenticated_401" time="0.131" /><testcase classname="tests.test_phase3_trainer.TestAdminRBAC" name="test_trainee_token_403" time="0.107" /><testcase classname="tests.test_phase3_trainer.TestAdminRBAC" name="test_trainer_token_403" time="0.108" /><testcase classname="tests.test_phase3_trainer.TestAdminRBAC" name="test_trainee_cannot_approve" time="0.119" /><testcase classname="tests.test_phase3_trainer.TestTrainerProfile" name="test_initial_profile_empty" time="0.158" /><testcase classname="tests.test_phase3_trainer.TestTrainerProfile" name="test_short_headline_rejected" time="0.121" /><testcase classname="tests.test_phase3_trainer.TestTrainerProfile" name="test_invalid_skill_ids_400" time="0.114" /><testcase classname="tests.test_phase3_trainer.TestTrainerProfile" name="test_upsert_and_readback_and_profile_complete" time="0.388" /><testcase classname="tests.test_phase3_trainer.TestTrainerProfile" name="test_trainee_cannot_write_trainer_profile" time="0.111" /><testcase classname="tests.test_phase3_trainer.TestTrainings" name="test_create_training_published_scoped" time="0.140" /><testcase classname="tests.test_phase3_trainer.TestTrainings" name="test_create_training_invalid_skill_400" time="0.107" /><testcase classname="tests.test_phase3_trainer.TestTrainings" name="test_list_returns_only_own" time="0.241" /><testcase classname="tests.test_phase3_trainer.TestTrainings" name="test_patch_own_training" time="0.113" /><testcase classname="tests.test_phase3_trainer.TestTrainings" name="test_patch_other_trainers_training_404" time="0.117" /><testcase classname="tests.test_phase3_trainer.TestTrainings" name="test_trainee_cannot_create_training" time="0.120" /><testcase classname="tests.test_phase3_trainer.TestEnrollments" name="test_enroll_created_201" time="0.111" /><testcase classname="tests.test_phase3_trainer.TestEnrollments" name="test_duplicate_enroll_409" time="0.109" /><testcase classname="tests.test_phase3_trainer.TestEnrollments" name="test_enroll_unknown_training_404" time="0.117" /><testcase classname="tests.test_phase3_trainer.TestEnrollments" name="test_enroll_closed_training_400" time="0.236" /><testcase classname="tests.test_phase3_trainer.TestEnrollments" name="test_list_enrollments_embeds_training" time="0.143" /><testcase classname="tests.test_phase3_trainer.TestEnrollments" name="test_trainer_cannot_enroll" time="0.103" /><testcase classname="tests.test_phase3_trainer.TestTrainerLearners" name="test_owner_sees_enrollment_with_trainee" time="0.123" /><testcase classname="tests.test_phase3_trainer.TestTrainerLearners" name="test_other_trainer_does_not_see" time="0.123" /><testcase classname="tests.test_phase3_trainer.TestVerification" name="test_self_declare_then_verify_overrides" time="0.345" /><testcase classname="tests.test_phase3_trainer.TestVerification" name="test_verify_uncovered_skill_400" time="0.114" /><testcase classname="tests.test_phase3_trainer.TestVerification" name="test_verify_by_non_owner_403" time="0.130" /><testcase classname="tests.test_phase3_trainer.TestVerification" name="test_verify_unknown_enrollment_404" time="0.113" /><testcase classname="tests.test_phase3_trainer.TestVerification" name="test_reverify_replaces_entry" time="0.359" /><testcase classname="tests.test_phase3_trainer.TestVerification" name="test_trainee_cannot_verify" time="0.141" /><testcase classname="tests.test_phase3_trainer.TestCompletion" name="test_complete_by_non_owner_403" time="0.117" /><testcase classname="tests.test_phase3_trainer.TestCompletion" name="test_complete_by_owner" time="0.361" /><testcase classname="tests.test_phase3_trainer.TestRegression" name="test_health" time="0.106" /><testcase classname="tests.test_phase3_trainer.TestRegression" name="test_catalog_still_intact" time="0.238" /><testcase classname="tests.test_phase3_trainer.TestRegression" name="test_trainer_verified_participates_in_gap" time="0.114" /><testcase classname="tests.test_phase3_trainer.TestRegression" name="test_assessment_start_still_works" time="0.118" /><testcase classname="tests.test_phase3_trainer.TestRegression" name="test_sample_trainings_still_visible_in_catalog" time="0.184" /></testsuite></testsuites>