<?xml version="1.0" encoding="utf-8"?><testsuites name="pytest tests"><testsuite name="pytest" errors="0" failures="0" skipped="0" tests="16" time="3.434" timestamp="2026-09-19T07:53:22.617346+00:00" hostname="agent-env-96c959f0-faa3-4f37-a23a-bec3132cf5a9"><testcase classname="tests.test_phase1_auth.TestLogin" name="test_valid_trainee_login_returns_token" time="0.451" /><testcase classname="tests.test_phase1_auth.TestRegister" name="test_trainee_registers_active_with_token" time="0.676" /><testcase classname="tests.test_phase1_auth.TestLogin" name="test_wrong_password_rejected" time="0.444" /><testcase classname="tests.test_phase1_auth.TestRegister" name="test_employer_registers_pending_without_token" time="0.444" /><testcase classname="tests.test_phase1_auth.TestLogin" name="test_pending_employer_login_blocked" time="0.446" /><testcase classname="tests.test_phase1_auth.TestRegister" name="test_admin_self_register_rejected" time="0.222" /><testcase classname="tests.test_phase1_auth.TestMe" name="test_me_returns_user_without_mongo_id" time="0.336" /><testcase classname="tests.test_phase1_auth.TestRegister" name="test_duplicate_email_rejected" time="0.280" /><testcase classname="tests.test_phase1_auth.TestRegister" name="test_short_password_rejected" time="0.100" /><testcase classname="tests.test_phase1_auth.TestMe" name="test_me_invalid_token_rejected" time="0.098" /><testcase classname="tests.test_phase1_auth.TestRegister" name="test_invalid_email_rejected" time="0.099" /><testcase classname="tests.test_phase1_auth.TestMe" name="test_me_no_token_rejected" time="0.055" /><testcase classname="tests.test_phase1_auth.TestAdminAccessCheck" name="test_admin_token_authorized" time="0.339" /><testcase classname="tests.test_phase1_auth.TestRoles" name="test_roles_returns_four_registerable_roles" time="0.275" /><testcase classname="tests.test_phase1_auth.TestAdminAccessCheck" name="test_trainee_token_forbidden" time="0.340" /><testcase classname="tests.test_phase1_auth.TestAdminAccessCheck" name="test_no_token_unauthorized" time="0.062" /></testsuite></testsuites>